0036517834
================

=== UNARCHIVE AND STRUCTURE ===
OK!

=== COMPILE ===
Skipping (python)

=== EVALUATION ===

=== TOTAL RESULTS ===
25 / 25 tests passed. (100.0%)

== RESOLUTION ==
  Passed 20 / 20 tests.

== COOKING ==
  Passed 5 / 5 tests.
0123456789
================

=== UNARCHIVE AND STRUCTURE ===
OK!

=== COMPILE ===
Skipping (python)

=== EVALUATION ===

=== TOTAL RESULTS ===
0 / 25 tests passed. (0.0%)

== RESOLUTION ==
  Passed 0 / 20 tests.

== COOKING ==
  Passed 0 / 5 tests.
